[  
   [  
      'art.n',
      [  
         'art-0',
         ('https://en.wikipedia.org/wiki/Art',
         [  
            'https://en.wikipedia.org/wiki/They',
            'https://en.wikipedia.org/wiki/Multi-screen_video',
            'https://en.wikipedia.org/wiki/Film',
            'https://en.wikipedia.org/wiki/Party',
            'https://en.wikipedia.org/wiki/Heaven',
            'https://en.wikipedia.org/wiki/1988',
            'https://en.wikipedia.org/wiki/Fashion',
            'https://en.wikipedia.org/wiki/Energy',
            'https://en.wikipedia.org/wiki/Holocene',
            'https://en.wikipedia.org/wiki/Friday',
            'https://en.wikipedia.org/wiki/Summer',
            'https://en.wikipedia.org/wiki/Love',
            'https://en.wikipedia.org/wiki/Film',
            'https://en.wikipedia.org/wiki/Projector',
            'https://en.wikipedia.org/wiki/Throwing',
            'https://en.wikipedia.org/wiki/Collage',
            'https://en.wikipedia.org/wiki/Art',
            'https://en.wikipedia.org/wiki/Pattern',
            'https://en.wikipedia.org/wiki/Film',
            'https://en.wikipedia.org/wiki/Dance',
            'https://en.wikipedia.org/wiki/Like',
            'https://en.wikipedia.org/wiki/E_(mathematical_constant)',
            'https://en.wikipedia.org/wiki/Boy',
            'https://en.wikipedia.org/wiki/Fractal',
            'https://en.wikipedia.org/wiki/Video',
            'https://en.wikipedia.org/wiki/Feedback',
            'https://en.wikipedia.org/wiki/We',
            'https://en.wikipedia.org/wiki/Awareness',
            'https://en.wikipedia.org/wiki/Visual_system',
            'https://en.wikipedia.org/wiki/House',
            'https://en.wikipedia.org/wiki/Rights',
            'https://en.wikipedia.org/wiki/We',
            'https://en.wikipedia.org/wiki/Dance',
            'https://en.wikipedia.org/wiki/Rave',
            'https://en.wikipedia.org/wiki/Film',
            'https://en.wikipedia.org/wiki/Week',
            'https://en.wikipedia.org/wiki/Project',
            'https://en.wikipedia.org/wiki/Rave',
            'https://en.wikipedia.org/wiki/Ben',
            'https://en.wikipedia.org/wiki/Lewis',
            'https://en.wikipedia.org/wiki/Contactor',
            'https://en.wikipedia.org/wiki/020',
            'https://en.wikipedia.org/wiki/738',
            'https://en.wikipedia.org/wiki/BD_%2B17%C2%B0_3248',
            'https://en.wikipedia.org/wiki/Dance',
            'https://en.wikipedia.org/wiki/Group_(mathematics)'
         ]         )
      ],
      [  
         'art_gallery-0',
         ('https://en.wikipedia.org/wiki/Art',
         [  
            'https://en.wikipedia.org/wiki/Leeds',
            'https://en.wikipedia.org/wiki/Sport',
            'https://en.wikipedia.org/wiki/21_(number)',
            'https://en.wikipedia.org/wiki/Golf',
            'https://en.wikipedia.org/wiki/Sport',
            'https://en.wikipedia.org/wiki/Leisure',
            'https://en.wikipedia.org/wiki/Leaf',
            'https://en.wikipedia.org/wiki/Feeling',
            'https://en.wikipedia.org/wiki/Need',
            'https://en.wikipedia.org/wiki/Take',
            'https://en.wikipedia.org/wiki/Theatre',
            'https://en.wikipedia.org/wiki/Leeds',
            'https://en.wikipedia.org/wiki/4',
            'https://en.wikipedia.org/wiki/Leeds',
            'https://en.wikipedia.org/wiki/City',
            'https://en.wikipedia.org/wiki/1',
            'https://en.wikipedia.org/wiki/Oldest_people',
            'https://en.wikipedia.org/wiki/Music',
            'https://en.wikipedia.org/wiki/Country',
            'https://en.wikipedia.org/wiki/Home',
            'https://en.wikipedia.org/wiki/BBC',
            'https://en.wikipedia.org/wiki/Television',
            'https://en.wikipedia.org/wiki/Good',
            'https://en.wikipedia.org/wiki/Day',
            'https://en.wikipedia.org/wiki/Theatre',
            'https://en.wikipedia.org/wiki/Business',
            'https://en.wikipedia.org/wiki/Permanent',
            'https://en.wikipedia.org/wiki/Home',
            'https://en.wikipedia.org/wiki/Opera',
            'https://en.wikipedia.org/wiki/F.C._Copenhagen',
            'https://en.wikipedia.org/wiki/1',
            'https://en.wikipedia.org/wiki/Yorkshire',
            'https://en.wikipedia.org/wiki/Saying',
            'https://en.wikipedia.org/wiki/Brass',
            'https://en.wikipedia.org/wiki/May',
            'https://en.wikipedia.org/wiki/Still',
            'https://en.wikipedia.org/wiki/Brass',
            'https://en.wikipedia.org/wiki/Comes',
            'https://en.wikipedia.org/wiki/Nothing',
            'https://en.wikipedia.org/wiki/Brass',
            'https://en.wikipedia.org/wiki/1',
            'https://en.wikipedia.org/wiki/Summer',
            'https://en.wikipedia.org/wiki/Town_square',
            'https://en.wikipedia.org/wiki/Town',
            'https://en.wikipedia.org/wiki/Hall',
            'https://en.wikipedia.org/wiki/Park'
         ]         )
      ],
      [  
         'art-1',
         ('https://en.wikipedia.org/wiki/Art',
         [  
            'https://en.wikipedia.org/wiki/Pole_star',
            'https://en.wikipedia.org/wiki/Frederick_Page_(musician)',
            'https://en.wikipedia.org/wiki/Politics',
            'https://en.wikipedia.org/wiki/Shines',
            'https://en.wikipedia.org/wiki/Project',
            'https://en.wikipedia.org/wiki/Overcomer',
            'https://en.wikipedia.org/wiki/Art',
            'https://en.wikipedia.org/wiki/Life',
            'https://en.wikipedia.org/wiki/Power_set',
            'https://en.wikipedia.org/wiki/171',
            'https://en.wikipedia.org/wiki/Inch',
            'https://en.wikipedia.org/wiki/The_Seems',
            'https://en.wikipedia.org/wiki/Alex_Callinicos',
            'https://en.wikipedia.org/wiki/Mean',
            'https://en.wikipedia.org/wiki/Little',
            'https://en.wikipedia.org/wiki/Disclaimer',
            'https://en.wikipedia.org/wiki/Good',
            'https://en.wikipedia.org/wiki/Art',
            'https://en.wikipedia.org/wiki/Individual',
            'https://en.wikipedia.org/wiki/Good',
            'https://en.wikipedia.org/wiki/Throwing',
            'https://en.wikipedia.org/wiki/Soliloquy',
            'https://en.wikipedia.org/wiki/Force',
            'https://en.wikipedia.org/wiki/Strict',
            'https://en.wikipedia.org/wiki/Circumscribed_circle',
            'https://en.wikipedia.org/wiki/Reference',
            'https://en.wikipedia.org/wiki/Henri_Matisse',
            'https://en.wikipedia.org/wiki/Sense',
            'https://en.wikipedia.org/wiki/Boot',
            'https://en.wikipedia.org/wiki/Foot',
            'https://en.wikipedia.org/wiki/Art',
            'https://en.wikipedia.org/wiki/Sense',
            'https://en.wikipedia.org/wiki/Social',
            'https://en.wikipedia.org/wiki/Ideology',
            'https://en.wikipedia.org/wiki/Name',
            'https://en.wikipedia.org/wiki/Supposed_Former_Infatuation_Junkie',
            'https://en.wikipedia.org/wiki/Sensuous',
            'https://en.wikipedia.org/wiki/Rather_Be',
            'https://en.wikipedia.org/wiki/Aesthetics'
         ]         )
      ]
   ],
   [  
      'music.n',
      [  
         'art-0',
         ('https://en.wikipedia.org/wiki/Art',
         [  
            'https://en.wikipedia.org/wiki/They',
            'https://en.wikipedia.org/wiki/Multi-screen_video',
            'https://en.wikipedia.org/wiki/Film',
            'https://en.wikipedia.org/wiki/Party',
            'https://en.wikipedia.org/wiki/Heaven',
            'https://en.wikipedia.org/wiki/1988',
            'https://en.wikipedia.org/wiki/Fashion',
            'https://en.wikipedia.org/wiki/Energy',
            'https://en.wikipedia.org/wiki/Holocene',
            'https://en.wikipedia.org/wiki/Friday',
            'https://en.wikipedia.org/wiki/Summer',
            'https://en.wikipedia.org/wiki/Love',
            'https://en.wikipedia.org/wiki/Film',
            'https://en.wikipedia.org/wiki/Projector',
            'https://en.wikipedia.org/wiki/Throwing',
            'https://en.wikipedia.org/wiki/Collage',
            'https://en.wikipedia.org/wiki/Art',
            'https://en.wikipedia.org/wiki/Pattern',
            'https://en.wikipedia.org/wiki/Film',
            'https://en.wikipedia.org/wiki/Dance',
            'https://en.wikipedia.org/wiki/Like',
            'https://en.wikipedia.org/wiki/E_(mathematical_constant)',
            'https://en.wikipedia.org/wiki/Boy',
            'https://en.wikipedia.org/wiki/Fractal',
            'https://en.wikipedia.org/wiki/Video',
            'https://en.wikipedia.org/wiki/Feedback',
            'https://en.wikipedia.org/wiki/We',
            'https://en.wikipedia.org/wiki/Awareness',
            'https://en.wikipedia.org/wiki/Visual_system',
            'https://en.wikipedia.org/wiki/House',
            'https://en.wikipedia.org/wiki/Rights',
            'https://en.wikipedia.org/wiki/We',
            'https://en.wikipedia.org/wiki/Dance',
            'https://en.wikipedia.org/wiki/Rave',
            'https://en.wikipedia.org/wiki/Film',
            'https://en.wikipedia.org/wiki/Week',
            'https://en.wikipedia.org/wiki/Project',
            'https://en.wikipedia.org/wiki/Rave',
            'https://en.wikipedia.org/wiki/Ben',
            'https://en.wikipedia.org/wiki/Lewis',
            'https://en.wikipedia.org/wiki/Contactor',
            'https://en.wikipedia.org/wiki/020',
            'https://en.wikipedia.org/wiki/738',
            'https://en.wikipedia.org/wiki/BD_%2B17%C2%B0_3248',
            'https://en.wikipedia.org/wiki/Dance',
            'https://en.wikipedia.org/wiki/Group_(mathematics)'
         ]         )
      ],
      [  
         'art_gallery-0',
         ('https://en.wikipedia.org/wiki/Art',
         [  
            'https://en.wikipedia.org/wiki/Leeds',
            'https://en.wikipedia.org/wiki/Sport',
            'https://en.wikipedia.org/wiki/21_(number)',
            'https://en.wikipedia.org/wiki/Golf',
            'https://en.wikipedia.org/wiki/Sport',
            'https://en.wikipedia.org/wiki/Leisure',
            'https://en.wikipedia.org/wiki/Leaf',
            'https://en.wikipedia.org/wiki/Feeling',
            'https://en.wikipedia.org/wiki/Need',
            'https://en.wikipedia.org/wiki/Take',
            'https://en.wikipedia.org/wiki/Theatre',
            'https://en.wikipedia.org/wiki/Leeds',
            'https://en.wikipedia.org/wiki/4',
            'https://en.wikipedia.org/wiki/Leeds',
            'https://en.wikipedia.org/wiki/City',
            'https://en.wikipedia.org/wiki/1',
            'https://en.wikipedia.org/wiki/Oldest_people',
            'https://en.wikipedia.org/wiki/Music',
            'https://en.wikipedia.org/wiki/Country',
            'https://en.wikipedia.org/wiki/Home',
            'https://en.wikipedia.org/wiki/BBC',
            'https://en.wikipedia.org/wiki/Television',
            'https://en.wikipedia.org/wiki/Good',
            'https://en.wikipedia.org/wiki/Day',
            'https://en.wikipedia.org/wiki/Theatre',
            'https://en.wikipedia.org/wiki/Business',
            'https://en.wikipedia.org/wiki/Permanent',
            'https://en.wikipedia.org/wiki/Home',
            'https://en.wikipedia.org/wiki/Opera',
            'https://en.wikipedia.org/wiki/F.C._Copenhagen',
            'https://en.wikipedia.org/wiki/1',
            'https://en.wikipedia.org/wiki/Yorkshire',
            'https://en.wikipedia.org/wiki/Saying',
            'https://en.wikipedia.org/wiki/Brass',
            'https://en.wikipedia.org/wiki/May',
            'https://en.wikipedia.org/wiki/Still',
            'https://en.wikipedia.org/wiki/Brass',
            'https://en.wikipedia.org/wiki/Comes',
            'https://en.wikipedia.org/wiki/Nothing',
            'https://en.wikipedia.org/wiki/Brass',
            'https://en.wikipedia.org/wiki/1',
            'https://en.wikipedia.org/wiki/Summer',
            'https://en.wikipedia.org/wiki/Town_square',
            'https://en.wikipedia.org/wiki/Town',
            'https://en.wikipedia.org/wiki/Hall',
            'https://en.wikipedia.org/wiki/Park'
         ]         )
      ],
      [  
         'art-1',
         ('https://en.wikipedia.org/wiki/Art',
         [  
            'https://en.wikipedia.org/wiki/Pole_star',
            'https://en.wikipedia.org/wiki/Frederick_Page_(musician)',
            'https://en.wikipedia.org/wiki/Politics',
            'https://en.wikipedia.org/wiki/Shines',
            'https://en.wikipedia.org/wiki/Project',
            'https://en.wikipedia.org/wiki/Overcomer',
            'https://en.wikipedia.org/wiki/Art',
            'https://en.wikipedia.org/wiki/Life',
            'https://en.wikipedia.org/wiki/Power_set',
            'https://en.wikipedia.org/wiki/171',
            'https://en.wikipedia.org/wiki/Inch',
            'https://en.wikipedia.org/wiki/The_Seems',
            'https://en.wikipedia.org/wiki/Alex_Callinicos',
            'https://en.wikipedia.org/wiki/Mean',
            'https://en.wikipedia.org/wiki/Little',
            'https://en.wikipedia.org/wiki/Disclaimer',
            'https://en.wikipedia.org/wiki/Good',
            'https://en.wikipedia.org/wiki/Art',
            'https://en.wikipedia.org/wiki/Individual',
            'https://en.wikipedia.org/wiki/Good',
            'https://en.wikipedia.org/wiki/Throwing',
            'https://en.wikipedia.org/wiki/Soliloquy',
            'https://en.wikipedia.org/wiki/Force',
            'https://en.wikipedia.org/wiki/Strict',
            'https://en.wikipedia.org/wiki/Circumscribed_circle',
            'https://en.wikipedia.org/wiki/Reference',
            'https://en.wikipedia.org/wiki/Henri_Matisse',
            'https://en.wikipedia.org/wiki/Sense',
            'https://en.wikipedia.org/wiki/Boot',
            'https://en.wikipedia.org/wiki/Foot',
            'https://en.wikipedia.org/wiki/Art',
            'https://en.wikipedia.org/wiki/Sense',
            'https://en.wikipedia.org/wiki/Social',
            'https://en.wikipedia.org/wiki/Ideology',
            'https://en.wikipedia.org/wiki/Name',
            'https://en.wikipedia.org/wiki/Supposed_Former_Infatuation_Junkie',
            'https://en.wikipedia.org/wiki/Sensuous',
            'https://en.wikipedia.org/wiki/Rather_Be',
            'https://en.wikipedia.org/wiki/Aesthetics'
         ]         )
      ]
   ]
]